<?xml version="1.0" encoding="UTF-8"?>
<testsuite xmlns:xsi="http://www.w3.org/2001/XMLSchema-instance" xsi:noNamespaceSchemaLocation="https://maven.apache.org/surefire/maven-surefire-plugin/xsd/surefire-test-report-3.0.xsd" version="3.0" name="com.szalay.thinktools.model.FootballTest" time="0.042" tests="1" errors="0" skipped="0" failures="0">
  <properties>
[...]
</properties>
  <testcase name="testFootball" classname="com.szalay.thinktools.model.FootballTest" time="0.028">
    <system-out><![CDATA[Start hypothesis: [[1 <= awayStrength <= 0]] -> 1 <= homeWin <= 0
Result: [1 <= awayStrength <= 0] -> 1 <= homeWin <= 0
[1 <= awayStrength <= 0] -> 0 <= homeWin <= 1

]]></system-out>
  </testcase>
</testsuite>