<?xml version="1.0" encoding="UTF-8"?>
<testsuite xmlns:xsi="http://www.w3.org/2001/XMLSchema-instance" xsi:noNamespaceSchemaLocation="https://maven.apache.org/surefire/maven-surefire-plugin/xsd/surefire-test-report-3.0.xsd" version="3.0" name="com.szalay.thinktools.model.ModelGeneratorTest" time="0.002" tests="2" errors="0" skipped="0" failures="0">
  <properties>
[...]
</properties>
  <testcase name="testModelGenerator1" classname="com.szalay.thinktools.model.ModelGeneratorTest" time="0.001">
    <system-out><![CDATA[New model: [1 <= a <= 0 & 1 <= b <= 0] -> 4 <= d <= 0

Starting process...
Start hypothesis: [1 <= a <= 0 & 1 <= b <= 0] -> 4 <= d <= 0
Required acceptance value: 0.40
Solving inhomogenities....
New model: [1 <= a <= 0 & 1 <= b <= 0] -> 4 <= d <= 0

Resolved model: [1 <= a <= 0 & 1 <= b <= 0] -> 4 <= d <= 0

New explainable: 4 <= d <= 0
Evaluating alternative: [1 <= a <= 0 & 1 <= b <= 0]
Potential factors for this alternative [2 <= c <= 0]
step: 0
testing factor 2 <= c <= 0
new test design: [0 <= a <= 1, 0 <= b <= 1], [], 0 <= c <= 2
result: 
0, 0;
0, 0;
0, 0;

interpretation: 
Pos: 0, 0
Value: false
Ands: [0 <= a <= 1, 0 <= b <= 1]
Ors: []
Top factor: 0 <= c <= 2
, Pos: 0, 1
Value: false
Ands: [0 <= a <= 1, 0 <= b <= 1]
Ors: []
Top factor:  NOT (2 <= c <= 0 ) 
;
Pos: 1, 0
Value: false
Ands: [ NOT (0 <= a <= 1 ) , 1 <= b <= 0]
Ors: []
Top factor: 0 <= c <= 2
, Pos: 1, 1
Value: false
Ands: [ NOT (0 <= a <= 1 ) , 1 <= b <= 0]
Ors: []
Top factor:  NOT (2 <= c <= 0 ) 
;
Pos: 2, 0
Value: false
Ands: [1 <= a <= 0,  NOT (0 <= b <= 1 ) ]
Ors: []
Top factor: 0 <= c <= 2
, Pos: 2, 1
Value: false
Ands: [1 <= a <= 0,  NOT (0 <= b <= 1 ) ]
Ors: []
Top factor:  NOT (2 <= c <= 0 ) 
;

new hypothesis [1 <= a <= 0 & 1 <= b <= 0] -> 0 <= d <= 4
No more factors.
Check whole hypothesis...
Result:

0, 0, 0, 1000
Acceptance value: 0E-10
Break because of acceptance value reached.
No more alternatives.
New model: [1 <= a <= 0 & 1 <= b <= 0] -> 4 <= d <= 0
[1 <= a <= 0 & 1 <= b <= 0] -> 0 <= d <= 4

No more explainables.
Model: [1 <= a <= 0 & 1 <= b <= 0] -> 4 <= d <= 0
[1 <= a <= 0 & 1 <= b <= 0] -> 0 <= d <= 4

New model: [1 <= a <= 0 & 1 <= b <= 0] -> 4 <= d <= 0
[1 <= a <= 0 & 1 <= b <= 0] -> 0 <= d <= 4

]]></system-out>
  </testcase>
  <testcase name="testModelGenerator2" classname="com.szalay.thinktools.model.ModelGeneratorTest" time="0">
    <system-out><![CDATA[New model: [1 <= a <= 0 & 1 <= b <= 0] -> 4 <= d <= 0

Starting process...
Start hypothesis: [1 <= a <= 0 & 1 <= b <= 0] -> 4 <= d <= 0
Required acceptance value: 0.40
Solving inhomogenities....
New model: [1 <= a <= 0 & 1 <= b <= 0] -> 4 <= d <= 0

Resolved model: [1 <= a <= 0 & 1 <= b <= 0] -> 4 <= d <= 0

New explainable: 4 <= d <= 0
Evaluating alternative: [1 <= a <= 0 & 1 <= b <= 0]
Potential factors for this alternative [2 <= c <= 0]
step: 0
testing factor 2 <= c <= 0
new test design: [0 <= a <= 1, 0 <= b <= 1], [], 0 <= c <= 2
result: 
0, 0;
0, 0;
0, 0;

interpretation: 
Pos: 0, 0
Value: false
Ands: [0 <= a <= 1, 0 <= b <= 1]
Ors: []
Top factor: 0 <= c <= 2
, Pos: 0, 1
Value: false
Ands: [0 <= a <= 1, 0 <= b <= 1]
Ors: []
Top factor:  NOT (2 <= c <= 0 ) 
;
Pos: 1, 0
Value: false
Ands: [ NOT (0 <= a <= 1 ) , 1 <= b <= 0]
Ors: []
Top factor: 0 <= c <= 2
, Pos: 1, 1
Value: false
Ands: [ NOT (0 <= a <= 1 ) , 1 <= b <= 0]
Ors: []
Top factor:  NOT (2 <= c <= 0 ) 
;
Pos: 2, 0
Value: false
Ands: [1 <= a <= 0,  NOT (0 <= b <= 1 ) ]
Ors: []
Top factor: 0 <= c <= 2
, Pos: 2, 1
Value: false
Ands: [1 <= a <= 0,  NOT (0 <= b <= 1 ) ]
Ors: []
Top factor:  NOT (2 <= c <= 0 ) 
;

new hypothesis [1 <= a <= 0 & 1 <= b <= 0] -> 0 <= d <= 4
No more factors.
Check whole hypothesis...
Result:

0, 0, 0, 1000
Acceptance value: 0E-10
Break because of acceptance value reached.
No more alternatives.
New model: [1 <= a <= 0 & 1 <= b <= 0] -> 4 <= d <= 0
[1 <= a <= 0 & 1 <= b <= 0] -> 0 <= d <= 4

No more explainables.
Model: [1 <= a <= 0 & 1 <= b <= 0] -> 4 <= d <= 0
[1 <= a <= 0 & 1 <= b <= 0] -> 0 <= d <= 4

New model: [1 <= a <= 0 & 1 <= b <= 0] -> 4 <= d <= 0
[1 <= a <= 0 & 1 <= b <= 0] -> 0 <= d <= 4

]]></system-out>
  </testcase>
</testsuite>